{"code":"MissingRequiredParameter","level":"error","message":"S3 upload error: Missing required key 'Bucket' in params","service":"reels-api","stack":"MissingRequiredParameter: Missing required key 'Bucket' in params\n    at ParamValidator.fail (C:\\Users\\ASUS\\Desktop\\next\\gameappbackend\\node_modules\\aws-sdk\\lib\\param_validator.js:50:37)\n    at ParamValidator.validateStructure (C:\\Users\\ASUS\\Desktop\\next\\gameappbackend\\node_modules\\aws-sdk\\lib\\param_validator.js:62:14)\n    at ParamValidator.validateMember (C:\\Users\\ASUS\\Desktop\\next\\gameappbackend\\node_modules\\aws-sdk\\lib\\param_validator.js:89:21)\n    at ParamValidator.validate (C:\\Users\\ASUS\\Desktop\\next\\gameappbackend\\node_modules\\aws-sdk\\lib\\param_validator.js:34:10)\n    at Request.VALIDATE_PARAMETERS (C:\\Users\\ASUS\\Desktop\\next\\gameappbackend\\node_modules\\aws-sdk\\lib\\event_listeners.js:166:42)\n    at Request.callListeners (C:\\Users\\ASUS\\Desktop\\next\\gameappbackend\\node_modules\\aws-sdk\\lib\\sequential_executor.js:106:20)\n    at callNextListener (C:\\Users\\ASUS\\Desktop\\next\\gameappbackend\\node_modules\\aws-sdk\\lib\\sequential_executor.js:96:12)\n    at C:\\Users\\ASUS\\Desktop\\next\\gameappbackend\\node_modules\\aws-sdk\\lib\\event_listeners.js:120:11\n    at finish (C:\\Users\\ASUS\\Desktop\\next\\gameappbackend\\node_modules\\aws-sdk\\lib\\config.js:396:7)\n    at C:\\Users\\ASUS\\Desktop\\next\\gameappbackend\\node_modules\\aws-sdk\\lib\\config.js:414:9","time":"2025-06-11T12:44:24.494Z","timestamp":"2025-06-11 18:14:24"}
{"level":"error","message":"Upload error: Failed to upload video: Missing required key 'Bucket' in params","service":"reels-api","stack":"Error: Failed to upload video: Missing required key 'Bucket' in params\n    at uploadToS3 (C:\\Users\\ASUS\\Desktop\\next\\gameappbackend\\src\\config\\aws.js:50:11)\n    at process.processTicksAndRejections (node:internal/process/task_queues:95:5)\n    at async uploadVideo (C:\\Users\\ASUS\\Desktop\\next\\gameappbackend\\src\\controller\\clipController\\videoController.js:20:26)","timestamp":"2025-06-11 18:14:24"}
{"code":"MissingRequiredParameter","level":"error","message":"S3 upload error: Missing required key 'Bucket' in params","service":"reels-api","stack":"MissingRequiredParameter: Missing required key 'Bucket' in params\n    at ParamValidator.fail (C:\\Users\\ASUS\\Desktop\\next\\gameappbackend\\node_modules\\aws-sdk\\lib\\param_validator.js:50:37)\n    at ParamValidator.validateStructure (C:\\Users\\ASUS\\Desktop\\next\\gameappbackend\\node_modules\\aws-sdk\\lib\\param_validator.js:62:14)\n    at ParamValidator.validateMember (C:\\Users\\ASUS\\Desktop\\next\\gameappbackend\\node_modules\\aws-sdk\\lib\\param_validator.js:89:21)\n    at ParamValidator.validate (C:\\Users\\ASUS\\Desktop\\next\\gameappbackend\\node_modules\\aws-sdk\\lib\\param_validator.js:34:10)\n    at Request.VALIDATE_PARAMETERS (C:\\Users\\ASUS\\Desktop\\next\\gameappbackend\\node_modules\\aws-sdk\\lib\\event_listeners.js:166:42)\n    at Request.callListeners (C:\\Users\\ASUS\\Desktop\\next\\gameappbackend\\node_modules\\aws-sdk\\lib\\sequential_executor.js:106:20)\n    at callNextListener (C:\\Users\\ASUS\\Desktop\\next\\gameappbackend\\node_modules\\aws-sdk\\lib\\sequential_executor.js:96:12)\n    at C:\\Users\\ASUS\\Desktop\\next\\gameappbackend\\node_modules\\aws-sdk\\lib\\event_listeners.js:120:11\n    at finish (C:\\Users\\ASUS\\Desktop\\next\\gameappbackend\\node_modules\\aws-sdk\\lib\\config.js:396:7)\n    at C:\\Users\\ASUS\\Desktop\\next\\gameappbackend\\node_modules\\aws-sdk\\lib\\config.js:414:9","time":"2025-06-11T13:12:34.972Z","timestamp":"2025-06-11 18:42:34"}
{"level":"error","message":"Upload error: Failed to upload video: Missing required key 'Bucket' in params","service":"reels-api","stack":"Error: Failed to upload video: Missing required key 'Bucket' in params\n    at uploadToS3 (C:\\Users\\ASUS\\Desktop\\next\\gameappbackend\\src\\config\\aws.js:50:11)\n    at process.processTicksAndRejections (node:internal/process/task_queues:95:5)\n    at async uploadVideo (C:\\Users\\ASUS\\Desktop\\next\\gameappbackend\\src\\controller\\clipController\\videoController.js:20:26)","timestamp":"2025-06-11 18:42:34"}
{"code":"NetworkingError","hostname":"s3.eu-north-1.amazonaws.com","level":"error","message":"S3 upload error: Invalid character in header content [\"x-amz-meta-originalName\"]","region":"eu-north-1","retryable":true,"service":"reels-api","stack":"NetworkingError [NetworkingError]: Invalid character in header content [\"x-amz-meta-originalName\"]\n    at ClientRequest.setHeader (node:_http_outgoing:658:3)\n    at new ClientRequest (node:_http_client:293:14)\n    at Object.request (node:https:381:10)\n    at features.constructor.handleRequest (C:\\Users\\ASUS\\Desktop\\next\\gameappbackend\\node_modules\\aws-sdk\\lib\\http\\node.js:46:23)\n    at executeSend (C:\\Users\\ASUS\\Desktop\\next\\gameappbackend\\node_modules\\aws-sdk\\lib\\event_listeners.js:452:29)\n    at Request.SEND (C:\\Users\\ASUS\\Desktop\\next\\gameappbackend\\node_modules\\aws-sdk\\lib\\event_listeners.js:466:9)\n    at Request.callListeners (C:\\Users\\ASUS\\Desktop\\next\\gameappbackend\\node_modules\\aws-sdk\\lib\\sequential_executor.js:102:18)\n    at Request.emit (C:\\Users\\ASUS\\Desktop\\next\\gameappbackend\\node_modules\\aws-sdk\\lib\\sequential_executor.js:78:10)\n    at Request.emit (C:\\Users\\ASUS\\Desktop\\next\\gameappbackend\\node_modules\\aws-sdk\\lib\\request.js:686:14)\n    at Request.transition (C:\\Users\\ASUS\\Desktop\\next\\gameappbackend\\node_modules\\aws-sdk\\lib\\request.js:22:10)","time":"2025-06-11T13:15:27.279Z","timestamp":"2025-06-11 18:45:27"}
{"level":"error","message":"Upload error: Failed to upload video: Invalid character in header content [\"x-amz-meta-originalName\"]","service":"reels-api","stack":"Error: Failed to upload video: Invalid character in header content [\"x-amz-meta-originalName\"]\n    at uploadToS3 (C:\\Users\\ASUS\\Desktop\\next\\gameappbackend\\src\\config\\aws.js:50:11)\n    at async uploadVideo (C:\\Users\\ASUS\\Desktop\\next\\gameappbackend\\src\\controller\\clipController\\videoController.js:20:26)","timestamp":"2025-06-11 18:45:27"}
{"code":"NetworkingError","hostname":"s3.eu-north-1.amazonaws.com","level":"error","message":"S3 upload error: Invalid character in header content [\"x-amz-meta-originalName\"]","region":"eu-north-1","retryable":true,"service":"reels-api","stack":"NetworkingError [NetworkingError]: Invalid character in header content [\"x-amz-meta-originalName\"]\n    at ClientRequest.setHeader (node:_http_outgoing:658:3)\n    at new ClientRequest (node:_http_client:293:14)\n    at Object.request (node:https:381:10)\n    at features.constructor.handleRequest (C:\\Users\\ASUS\\Desktop\\next\\gameappbackend\\node_modules\\aws-sdk\\lib\\http\\node.js:46:23)\n    at executeSend (C:\\Users\\ASUS\\Desktop\\next\\gameappbackend\\node_modules\\aws-sdk\\lib\\event_listeners.js:452:29)\n    at Request.SEND (C:\\Users\\ASUS\\Desktop\\next\\gameappbackend\\node_modules\\aws-sdk\\lib\\event_listeners.js:466:9)\n    at Request.callListeners (C:\\Users\\ASUS\\Desktop\\next\\gameappbackend\\node_modules\\aws-sdk\\lib\\sequential_executor.js:102:18)\n    at Request.emit (C:\\Users\\ASUS\\Desktop\\next\\gameappbackend\\node_modules\\aws-sdk\\lib\\sequential_executor.js:78:10)\n    at Request.emit (C:\\Users\\ASUS\\Desktop\\next\\gameappbackend\\node_modules\\aws-sdk\\lib\\request.js:686:14)\n    at Request.transition (C:\\Users\\ASUS\\Desktop\\next\\gameappbackend\\node_modules\\aws-sdk\\lib\\request.js:22:10)","time":"2025-06-11T13:17:41.121Z","timestamp":"2025-06-11 18:47:41"}
{"level":"error","message":"Upload error: Failed to upload video: Invalid character in header content [\"x-amz-meta-originalName\"]","service":"reels-api","stack":"Error: Failed to upload video: Invalid character in header content [\"x-amz-meta-originalName\"]\n    at uploadToS3 (C:\\Users\\ASUS\\Desktop\\next\\gameappbackend\\src\\config\\aws.js:50:11)\n    at async uploadVideo (C:\\Users\\ASUS\\Desktop\\next\\gameappbackend\\src\\controller\\clipController\\videoController.js:20:26)","timestamp":"2025-06-11 18:47:41"}
{"level":"error","message":"Upload error: Failed to upload video: The bucket does not allow ACLs","service":"reels-api","stack":"Error: Failed to upload video: The bucket does not allow ACLs\n    at uploadToS3 (C:\\Users\\ASUS\\Desktop\\next\\gameappbackend\\src\\config\\aws.js:73:11)\n    at process.processTicksAndRejections (node:internal/process/task_queues:95:5)\n    at async uploadVideo (C:\\Users\\ASUS\\Desktop\\next\\gameappbackend\\src\\controller\\clipController\\videoController.js:20:26)","timestamp":"2025-06-11 18:52:54"}
{"level":"info","message":"Redis client connected","service":"reels-api","timestamp":"2025-06-11 21:45:52"}
{"level":"info","message":"Redis client connected","service":"reels-api","timestamp":"2025-06-11 21:48:47"}
{"level":"info","message":"Redis client connected","service":"reels-api","timestamp":"2025-06-11 21:48:58"}
{"level":"info","message":"Redis client connected","service":"reels-api","timestamp":"2025-06-11 21:49:51"}
{"level":"info","message":"Redis client connected","service":"reels-api","timestamp":"2025-06-11 21:50:06"}
{"level":"info","message":"Redis client connected","service":"reels-api","timestamp":"2025-06-11 21:52:15"}
{"level":"info","message":"Redis client connected","service":"reels-api","timestamp":"2025-06-11 21:52:59"}
{"level":"info","message":"Redis client connected","service":"reels-api","timestamp":"2025-06-11 22:06:09"}
{"level":"info","message":"Redis client connected","service":"reels-api","timestamp":"2025-06-13 06:52:50"}
{"level":"info","message":"Redis client connected","service":"reels-api","timestamp":"2025-06-13 20:34:50"}
{"level":"info","message":"Redis client connected","service":"reels-api","timestamp":"2025-06-13 21:09:19"}
{"level":"info","message":"Redis client connected","service":"reels-api","timestamp":"2025-06-13 21:11:33"}
{"level":"info","message":"Redis client connected","service":"reels-api","timestamp":"2025-06-13 21:16:34"}
{"level":"info","message":"Redis client connected","service":"reels-api","timestamp":"2025-06-13 21:16:57"}
{"level":"info","message":"Redis client connected","service":"reels-api","timestamp":"2025-06-13 21:19:48"}
{"level":"info","message":"Redis client connected","service":"reels-api","timestamp":"2025-06-13 21:21:06"}
{"level":"info","message":"Redis client connected","service":"reels-api","timestamp":"2025-06-14 11:32:44"}
{"level":"info","message":"Redis client connected","service":"reels-api","timestamp":"2025-06-14 11:40:52"}
{"level":"info","message":"Redis client connected","service":"reels-api","timestamp":"2025-06-14 11:43:44"}
{"level":"info","message":"Redis client connected","service":"reels-api","timestamp":"2025-06-14 11:44:17"}
{"level":"info","message":"Redis client connected","service":"reels-api","timestamp":"2025-06-14 16:22:25"}
{"level":"info","message":"Redis client connected","service":"reels-api","timestamp":"2025-06-14 17:58:28"}
{"level":"info","message":"Redis client connected","service":"reels-api","timestamp":"2025-06-14 18:08:07"}
{"level":"info","message":"Redis client connected","service":"reels-api","timestamp":"2025-06-14 20:02:50"}
{"level":"info","message":"Redis client connected","service":"reels-api","timestamp":"2025-06-14 20:03:03"}
{"level":"info","message":"Redis client connected","service":"reels-api","timestamp":"2025-06-14 21:49:15"}
{"level":"info","message":"Redis client connected","service":"reels-api","timestamp":"2025-06-14 21:52:34"}
{"level":"info","message":"Redis client connected","service":"reels-api","timestamp":"2025-06-14 23:35:21"}
{"level":"info","message":"Redis client connected","service":"reels-api","timestamp":"2025-06-14 23:35:39"}
{"level":"info","message":"Redis client connected","service":"reels-api","timestamp":"2025-06-14 23:38:35"}
{"level":"info","message":"Redis client connected","service":"reels-api","timestamp":"2025-06-14 23:38:51"}
{"level":"info","message":"Redis client connected","service":"reels-api","timestamp":"2025-06-14 23:42:22"}
{"level":"info","message":"Redis client connected","service":"reels-api","timestamp":"2025-06-14 23:45:37"}
{"level":"info","message":"Redis client connected","service":"reels-api","timestamp":"2025-06-14 23:46:45"}
{"level":"info","message":"Redis client connected","service":"reels-api","timestamp":"2025-06-14 23:49:01"}
{"level":"info","message":"Redis client connected","service":"reels-api","timestamp":"2025-06-14 23:49:47"}
{"level":"info","message":"Redis client connected","service":"reels-api","timestamp":"2025-06-15 07:04:45"}
{"level":"info","message":"Redis client connected","service":"reels-api","timestamp":"2025-06-15 07:08:46"}
{"level":"info","message":"Redis client connected","service":"reels-api","timestamp":"2025-06-15 07:34:57"}
{"level":"info","message":"Redis client connected","service":"reels-api","timestamp":"2025-06-15 08:13:54"}
{"level":"info","message":"Redis client connected","service":"reels-api","timestamp":"2025-06-15 08:56:59"}
{"level":"info","message":"Redis client connected","service":"reels-api","timestamp":"2025-06-15 09:13:28"}
{"level":"info","message":"Redis client connected","service":"reels-api","timestamp":"2025-06-15 09:31:07"}
{"level":"info","message":"Redis client connected","service":"reels-api","timestamp":"2025-06-15 10:28:47"}
{"level":"info","message":"Redis client connected","service":"reels-api","timestamp":"2025-06-16 11:58:14"}
{"level":"info","message":"Redis client connected","service":"reels-api","timestamp":"2025-06-16 11:58:44"}
{"level":"info","message":"Redis client connected","service":"reels-api","timestamp":"2025-06-16 11:59:16"}
{"level":"info","message":"Redis client connected","service":"reels-api","timestamp":"2025-06-16 12:07:55"}
{"level":"info","message":"Redis client connected","service":"reels-api","timestamp":"2025-06-16 12:10:42"}
{"level":"info","message":"Redis client connected","service":"reels-api","timestamp":"2025-06-16 12:11:01"}
